{
    "level": "INFO",
    "message": "Hiii Working",
    "timestamp": "07 Aug 2025 11:18",
    "meta": {}
}
{
    "level": "INFO",
    "message": "Hiii Working",
    "timestamp": "07 Aug 2025 11:21",
    "meta": {}
}
{
    "level": "INFO",
    "message": "SERVER IS STARTED && HEALTHY = TRUE",
    "timestamp": "07 Aug 2025 11:21",
    "meta": {
        "PORT": 2000
    }
}
{
    "level": "INFO",
    "message": "Hiii Working",
    "timestamp": "07 Aug 2025 11:22",
    "meta": {}
}
{
    "level": "INFO",
    "message": "CACHING IS STARTED && WORKING FINE = TRUE",
    "timestamp": "07 Aug 2025 11:22",
    "meta": {
        "PORT": 2000
    }
}
{
    "level": "INFO",
    "message": "Hiii Working",
    "timestamp": "07 Aug 2025 11:43",
    "meta": {}
}
{
    "level": "INFO",
    "message": "CACHING IS STARTED && WORKING FINE = TRUE",
    "timestamp": "07 Aug 2025 11:43",
    "meta": {
        "PORT": 2000
    }
}
{
    "level": "INFO",
    "message": "Hiii Working",
    "timestamp": "07 Aug 2025 11:43",
    "meta": {}
}
{
    "level": "INFO",
    "message": "CACHING IS STARTED && WORKING FINE = TRUE",
    "timestamp": "07 Aug 2025 11:43",
    "meta": {
        "PORT": 2000
    }
}
{
    "level": "INFO",
    "message": "Hiii Working",
    "timestamp": "07 Aug 2025 11:44",
    "meta": {}
}
{
    "level": "INFO",
    "message": "CACHING IS STARTED && WORKING FINE = TRUE",
    "timestamp": "07 Aug 2025 11:44",
    "meta": {
        "PORT": 2000
    }
}
{
    "level": "INFO",
    "message": "Hiii Working",
    "timestamp": "07 Aug 2025 11:44",
    "meta": {}
}
{
    "level": "INFO",
    "message": "CACHING IS STARTED && WORKING FINE = TRUE",
    "timestamp": "07 Aug 2025 11:44",
    "meta": {
        "PORT": 2000
    }
}
{
    "level": "INFO",
    "message": "Hiii Working",
    "timestamp": "07 Aug 2025 11:45",
    "meta": {}
}
{
    "level": "INFO",
    "message": "CACHING IS STARTED && WORKING FINE = TRUE",
    "timestamp": "07 Aug 2025 11:45",
    "meta": {
        "PORT": 2000
    }
}
{
    "level": "INFO",
    "message": "Hiii Working",
    "timestamp": "07 Aug 2025 11:47",
    "meta": {}
}
{
    "level": "INFO",
    "message": "CACHING IS STARTED && WORKING FINE = TRUE",
    "timestamp": "07 Aug 2025 11:47",
    "meta": {
        "PORT": 2000
    }
}
{
    "level": "INFO",
    "message": "Hiii Working",
    "timestamp": "07 Aug 2025 11:48",
    "meta": {}
}
{
    "level": "INFO",
    "message": "CACHING IS STARTED && WORKING FINE = TRUE",
    "timestamp": "07 Aug 2025 11:48",
    "meta": {
        "PORT": 2000
    }
}
{
    "level": "INFO",
    "message": "Hiii Working",
    "timestamp": "07 Aug 2025 11:48",
    "meta": {}
}
{
    "level": "INFO",
    "message": "CACHING IS STARTED && WORKING FINE = TRUE",
    "timestamp": "07 Aug 2025 11:48",
    "meta": {
        "PORT": 2000
    }
}
{
    "level": "INFO",
    "message": "Hiii Working",
    "timestamp": "07 Aug 2025 11:48",
    "meta": {}
}
{
    "level": "INFO",
    "message": "CACHING IS STARTED && WORKING FINE = TRUE",
    "timestamp": "07 Aug 2025 11:48",
    "meta": {
        "PORT": 2000
    }
}
{
    "level": "INFO",
    "message": "Hiii Working",
    "timestamp": "07 Aug 2025 11:53",
    "meta": {}
}
{
    "level": "INFO",
    "message": "CACHING IS STARTED && WORKING FINE = TRUE",
    "timestamp": "07 Aug 2025 11:53",
    "meta": {
        "PORT": 2000
    }
}
{
    "level": "INFO",
    "message": "Hiii Working",
    "timestamp": "07 Aug 2025 11:53",
    "meta": {}
}
{
    "level": "INFO",
    "message": "CACHING IS STARTED && WORKING FINE = TRUE",
    "timestamp": "07 Aug 2025 11:53",
    "meta": {
        "PORT": 2000
    }
}
{
    "level": "INFO",
    "message": "Hiii Working",
    "timestamp": "07 Aug 2025 11:56",
    "meta": {}
}
{
    "level": "INFO",
    "message": "CACHING IS STARTED && WORKING FINE = TRUE",
    "timestamp": "07 Aug 2025 11:56",
    "meta": {
        "PORT": 2000
    }
}
{
    "level": "INFO",
    "message": "Hiii Working",
    "timestamp": "07 Aug 2025 11:59",
    "meta": {}
}
{
    "level": "INFO",
    "message": "CACHING IS STARTED && WORKING FINE = TRUE",
    "timestamp": "07 Aug 2025 11:59",
    "meta": {
        "PORT": 2000
    }
}
{
    "level": "INFO",
    "message": "Hiii Working",
    "timestamp": "07 Aug 2025 12:00",
    "meta": {}
}
{
    "level": "INFO",
    "message": "CACHING IS STARTED && WORKING FINE = TRUE",
    "timestamp": "07 Aug 2025 12:00",
    "meta": {
        "PORT": 2000
    }
}
{
    "level": "INFO",
    "message": "Hiii Working",
    "timestamp": "07 Aug 2025 12:01",
    "meta": {}
}
{
    "level": "INFO",
    "message": "CACHING IS STARTED && WORKING FINE = TRUE",
    "timestamp": "07 Aug 2025 12:01",
    "meta": {
        "PORT": 2000
    }
}
{
    "level": "INFO",
    "message": "Hiii Working",
    "timestamp": "07 Aug 2025 12:26",
    "meta": {}
}
{
    "level": "INFO",
    "message": "CACHING IS STARTED && WORKING FINE = TRUE",
    "timestamp": "07 Aug 2025 12:26",
    "meta": {
        "PORT": 2000
    }
}
{
    "level": "INFO",
    "message": "Hiii Working",
    "timestamp": "07 Aug 2025 12:31",
    "meta": {}
}
{
    "level": "INFO",
    "message": "CACHING IS STARTED && WORKING FINE = TRUE",
    "timestamp": "07 Aug 2025 12:31",
    "meta": {
        "PORT": 2000
    }
}
{
    "level": "INFO",
    "message": "Hiii Working",
    "timestamp": "07 Aug 2025 12:31",
    "meta": {}
}
{
    "level": "INFO",
    "message": "CACHING IS STARTED && WORKING FINE = TRUE",
    "timestamp": "07 Aug 2025 12:31",
    "meta": {
        "PORT": 2000
    }
}
{
    "level": "INFO",
    "message": "Hiii Working",
    "timestamp": "07 Aug 2025 12:31",
    "meta": {}
}
{
    "level": "INFO",
    "message": "CACHING IS STARTED && WORKING FINE = TRUE",
    "timestamp": "07 Aug 2025 12:31",
    "meta": {
        "PORT": 2000
    }
}
{
    "level": "INFO",
    "message": "Hiii Working",
    "timestamp": "07 Aug 2025 12:31",
    "meta": {}
}
{
    "level": "INFO",
    "message": "CACHING IS STARTED && WORKING FINE = TRUE",
    "timestamp": "07 Aug 2025 12:31",
    "meta": {
        "PORT": 2000
    }
}
{
    "level": "INFO",
    "message": "Hiii Working",
    "timestamp": "07 Aug 2025 12:31",
    "meta": {}
}
{
    "level": "INFO",
    "message": "CACHING IS STARTED && WORKING FINE = TRUE",
    "timestamp": "07 Aug 2025 12:31",
    "meta": {
        "PORT": 2000
    }
}
{
    "level": "INFO",
    "message": "Hiii Working",
    "timestamp": "07 Aug 2025 12:32",
    "meta": {}
}
{
    "level": "INFO",
    "message": "CACHING IS STARTED && WORKING FINE = TRUE",
    "timestamp": "07 Aug 2025 12:32",
    "meta": {
        "PORT": 2000
    }
}
{
    "level": "INFO",
    "message": "Hiii Working",
    "timestamp": "07 Aug 2025 12:32",
    "meta": {}
}
{
    "level": "INFO",
    "message": "CACHING IS STARTED && WORKING FINE = TRUE",
    "timestamp": "07 Aug 2025 12:32",
    "meta": {
        "PORT": 2000
    }
}
{
    "level": "INFO",
    "message": "Hiii Working",
    "timestamp": "07 Aug 2025 12:32",
    "meta": {}
}
{
    "level": "INFO",
    "message": "CACHING IS STARTED && WORKING FINE = TRUE",
    "timestamp": "07 Aug 2025 12:32",
    "meta": {
        "PORT": 2000
    }
}
{
    "level": "INFO",
    "message": "Hiii Working",
    "timestamp": "07 Aug 2025 12:32",
    "meta": {}
}
{
    "level": "INFO",
    "message": "CACHING IS STARTED && WORKING FINE = TRUE",
    "timestamp": "07 Aug 2025 12:32",
    "meta": {
        "PORT": 2000
    }
}
{
    "level": "INFO",
    "message": "Hiii Working",
    "timestamp": "07 Aug 2025 12:34",
    "meta": {}
}
{
    "level": "INFO",
    "message": "CACHING IS STARTED && WORKING FINE = TRUE",
    "timestamp": "07 Aug 2025 12:34",
    "meta": {
        "PORT": 2000
    }
}
{
    "level": "INFO",
    "message": "Hiii Working",
    "timestamp": "07 Aug 2025 12:34",
    "meta": {}
}
{
    "level": "INFO",
    "message": "CACHING IS STARTED && WORKING FINE = TRUE",
    "timestamp": "07 Aug 2025 12:34",
    "meta": {
        "PORT": 2000
    }
}
{
    "level": "INFO",
    "message": "Hiii Working",
    "timestamp": "07 Aug 2025 12:34",
    "meta": {}
}
{
    "level": "INFO",
    "message": "CACHING IS STARTED && WORKING FINE = TRUE",
    "timestamp": "07 Aug 2025 12:34",
    "meta": {
        "PORT": 2000
    }
}
{
    "level": "INFO",
    "message": "Hiii Working",
    "timestamp": "07 Aug 2025 12:34",
    "meta": {}
}
{
    "level": "INFO",
    "message": "CACHING IS STARTED && WORKING FINE = TRUE",
    "timestamp": "07 Aug 2025 12:34",
    "meta": {
        "PORT": 2000
    }
}
{
    "level": "INFO",
    "message": "Hiii Working",
    "timestamp": "07 Aug 2025 12:34",
    "meta": {}
}
{
    "level": "INFO",
    "message": "CACHING IS STARTED && WORKING FINE = TRUE",
    "timestamp": "07 Aug 2025 12:34",
    "meta": {
        "PORT": 2000
    }
}
{
    "level": "INFO",
    "message": "Hiii Working",
    "timestamp": "07 Aug 2025 12:35",
    "meta": {}
}
{
    "level": "INFO",
    "message": "CACHING IS STARTED && WORKING FINE = TRUE",
    "timestamp": "07 Aug 2025 12:35",
    "meta": {
        "PORT": 2000
    }
}
{
    "level": "INFO",
    "message": "Hiii Working",
    "timestamp": "07 Aug 2025 12:36",
    "meta": {}
}
{
    "level": "INFO",
    "message": "CACHING IS STARTED && WORKING FINE = TRUE",
    "timestamp": "07 Aug 2025 12:36",
    "meta": {
        "PORT": 2000
    }
}
{
    "level": "INFO",
    "message": "Hiii Working",
    "timestamp": "07 Aug 2025 12:36",
    "meta": {}
}
{
    "level": "INFO",
    "message": "CACHING IS STARTED && WORKING FINE = TRUE",
    "timestamp": "07 Aug 2025 12:36",
    "meta": {
        "PORT": 2000
    }
}
{
    "level": "INFO",
    "message": "Hiii Working",
    "timestamp": "07 Aug 2025 12:37",
    "meta": {}
}
{
    "level": "INFO",
    "message": "CACHING IS STARTED && WORKING FINE = TRUE",
    "timestamp": "07 Aug 2025 12:37",
    "meta": {
        "PORT": 2000
    }
}
{
    "level": "INFO",
    "message": "Hiii Working",
    "timestamp": "07 Aug 2025 12:37",
    "meta": {}
}
{
    "level": "INFO",
    "message": "CACHING IS STARTED && WORKING FINE = TRUE",
    "timestamp": "07 Aug 2025 12:37",
    "meta": {
        "PORT": 2000
    }
}
{
    "level": "INFO",
    "message": "Hiii Working",
    "timestamp": "07 Aug 2025 12:37",
    "meta": {}
}
{
    "level": "INFO",
    "message": "CACHING IS STARTED && WORKING FINE = TRUE",
    "timestamp": "07 Aug 2025 12:37",
    "meta": {
        "PORT": 2000
    }
}
{
    "level": "INFO",
    "message": "Hiii Working",
    "timestamp": "07 Aug 2025 12:38",
    "meta": {}
}
{
    "level": "INFO",
    "message": "CACHING IS STARTED && WORKING FINE = TRUE",
    "timestamp": "07 Aug 2025 12:38",
    "meta": {
        "PORT": 2000
    }
}
{
    "level": "INFO",
    "message": "Hiii Working",
    "timestamp": "07 Aug 2025 12:38",
    "meta": {}
}
{
    "level": "INFO",
    "message": "CACHING IS STARTED && WORKING FINE = TRUE",
    "timestamp": "07 Aug 2025 12:38",
    "meta": {
        "PORT": 2000
    }
}
{
    "level": "INFO",
    "message": "Hiii Working",
    "timestamp": "07 Aug 2025 12:38",
    "meta": {}
}
{
    "level": "INFO",
    "message": "CACHING IS STARTED && WORKING FINE = TRUE",
    "timestamp": "07 Aug 2025 12:38",
    "meta": {
        "PORT": 2000
    }
}
{
    "level": "INFO",
    "message": "Hiii Working",
    "timestamp": "07 Aug 2025 12:38",
    "meta": {}
}
{
    "level": "INFO",
    "message": "CACHING IS STARTED && WORKING FINE = TRUE",
    "timestamp": "07 Aug 2025 12:38",
    "meta": {
        "PORT": 2000
    }
}
{
    "level": "INFO",
    "message": "Hiii Working",
    "timestamp": "07 Aug 2025 12:39",
    "meta": {}
}
{
    "level": "INFO",
    "message": "CACHING IS STARTED && WORKING FINE = TRUE",
    "timestamp": "07 Aug 2025 12:39",
    "meta": {
        "PORT": 2000
    }
}
{
    "level": "INFO",
    "message": "Hiii Working",
    "timestamp": "07 Aug 2025 12:39",
    "meta": {}
}
{
    "level": "INFO",
    "message": "CACHING IS STARTED && WORKING FINE = TRUE",
    "timestamp": "07 Aug 2025 12:39",
    "meta": {
        "PORT": 2000
    }
}
{
    "level": "INFO",
    "message": "Hiii Working",
    "timestamp": "07 Aug 2025 12:40",
    "meta": {}
}
{
    "level": "INFO",
    "message": "CACHING IS STARTED && WORKING FINE = TRUE",
    "timestamp": "07 Aug 2025 12:40",
    "meta": {
        "PORT": 2000
    }
}
{
    "level": "INFO",
    "message": "Hiii Working",
    "timestamp": "07 Aug 2025 12:40",
    "meta": {}
}
{
    "level": "INFO",
    "message": "CACHING IS STARTED && WORKING FINE = TRUE",
    "timestamp": "07 Aug 2025 12:40",
    "meta": {
        "PORT": 2000
    }
}
{
    "level": "INFO",
    "message": "Hiii Working",
    "timestamp": "07 Aug 2025 12:40",
    "meta": {}
}
{
    "level": "INFO",
    "message": "CACHING IS STARTED && WORKING FINE = TRUE",
    "timestamp": "07 Aug 2025 12:40",
    "meta": {
        "PORT": 2000
    }
}
{
    "level": "INFO",
    "message": "Hiii Working",
    "timestamp": "07 Aug 2025 12:43",
    "meta": {}
}
{
    "level": "INFO",
    "message": "CACHING IS STARTED && WORKING FINE = TRUE",
    "timestamp": "07 Aug 2025 12:43",
    "meta": {
        "PORT": 2000
    }
}
{
    "level": "INFO",
    "message": "Hiii Working",
    "timestamp": "07 Aug 2025 12:43",
    "meta": {}
}
{
    "level": "INFO",
    "message": "CACHING IS STARTED && WORKING FINE = TRUE",
    "timestamp": "07 Aug 2025 12:43",
    "meta": {
        "PORT": 2000
    }
}
{
    "level": "INFO",
    "message": "Hiii Working",
    "timestamp": "07 Aug 2025 12:49",
    "meta": {}
}
{
    "level": "INFO",
    "message": "CACHING IS STARTED && WORKING FINE = TRUE",
    "timestamp": "07 Aug 2025 12:49",
    "meta": {
        "PORT": 2000
    }
}
{
    "level": "INFO",
    "message": "Hiii Working",
    "timestamp": "07 Aug 2025 12:49",
    "meta": {}
}
{
    "level": "INFO",
    "message": "CACHING IS STARTED && WORKING FINE = TRUE",
    "timestamp": "07 Aug 2025 12:49",
    "meta": {
        "PORT": 2000
    }
}
{
    "level": "INFO",
    "message": "Hiii Working",
    "timestamp": "07 Aug 2025 12:51",
    "meta": {}
}
{
    "level": "INFO",
    "message": "CACHING IS STARTED && WORKING FINE = TRUE",
    "timestamp": "07 Aug 2025 12:51",
    "meta": {
        "PORT": 2000
    }
}
{
    "level": "INFO",
    "message": "Hiii Working",
    "timestamp": "07 Aug 2025 12:51",
    "meta": {}
}
{
    "level": "INFO",
    "message": "CACHING IS STARTED && WORKING FINE = TRUE",
    "timestamp": "07 Aug 2025 12:51",
    "meta": {
        "PORT": 2000
    }
}
{
    "level": "INFO",
    "message": "Hiii Working",
    "timestamp": "07 Aug 2025 12:51",
    "meta": {}
}
{
    "level": "INFO",
    "message": "CACHING IS STARTED && WORKING FINE = TRUE",
    "timestamp": "07 Aug 2025 12:51",
    "meta": {
        "PORT": 2000
    }
}
{
    "level": "INFO",
    "message": "Hiii Working",
    "timestamp": "07 Aug 2025 12:51",
    "meta": {}
}
{
    "level": "INFO",
    "message": "CACHING IS STARTED && WORKING FINE = TRUE",
    "timestamp": "07 Aug 2025 12:51",
    "meta": {
        "PORT": 2000
    }
}
{
    "level": "INFO",
    "message": "Hiii Working",
    "timestamp": "07 Aug 2025 12:52",
    "meta": {}
}
{
    "level": "INFO",
    "message": "CACHING IS STARTED && WORKING FINE = TRUE",
    "timestamp": "07 Aug 2025 12:52",
    "meta": {
        "PORT": 2000
    }
}
{
    "level": "INFO",
    "message": "Hiii Working",
    "timestamp": "07 Aug 2025 12:53",
    "meta": {}
}
{
    "level": "INFO",
    "message": "CACHING IS STARTED && WORKING FINE = TRUE",
    "timestamp": "07 Aug 2025 12:53",
    "meta": {
        "PORT": 2000
    }
}
{
    "level": "INFO",
    "message": "Hiii Working",
    "timestamp": "07 Aug 2025 12:54",
    "meta": {}
}
{
    "level": "INFO",
    "message": "CACHING IS STARTED && WORKING FINE = TRUE",
    "timestamp": "07 Aug 2025 12:54",
    "meta": {
        "PORT": 2000
    }
}
{
    "level": "INFO",
    "message": "Hiii Working",
    "timestamp": "07 Aug 2025 12:56",
    "meta": {}
}
{
    "level": "INFO",
    "message": "CACHING IS STARTED && WORKING FINE = TRUE",
    "timestamp": "07 Aug 2025 12:56",
    "meta": {
        "PORT": 2000
    }
}
{
    "level": "INFO",
    "message": "Hiii Working",
    "timestamp": "07 Aug 2025 12:57",
    "meta": {}
}
{
    "level": "INFO",
    "message": "CACHING IS STARTED && WORKING FINE = TRUE",
    "timestamp": "07 Aug 2025 12:57",
    "meta": {
        "PORT": 2000
    }
}
{
    "level": "INFO",
    "message": "Hiii Working",
    "timestamp": "07 Aug 2025 13:00",
    "meta": {}
}
{
    "level": "INFO",
    "message": "CACHING IS STARTED && WORKING FINE = TRUE",
    "timestamp": "07 Aug 2025 13:00",
    "meta": {
        "PORT": 2000
    }
}
{
    "level": "INFO",
    "message": "Hiii Working",
    "timestamp": "07 Aug 2025 13:00",
    "meta": {}
}
{
    "level": "INFO",
    "message": "CACHING IS STARTED && WORKING FINE = TRUE",
    "timestamp": "07 Aug 2025 13:00",
    "meta": {
        "PORT": 2000
    }
}
{
    "level": "INFO",
    "message": "Hiii Working",
    "timestamp": "07 Aug 2025 13:02",
    "meta": {}
}
{
    "level": "INFO",
    "message": "CACHING IS STARTED && WORKING FINE = TRUE",
    "timestamp": "07 Aug 2025 13:02",
    "meta": {
        "PORT": 2000
    }
}
{
    "level": "INFO",
    "message": "Hiii Working",
    "timestamp": "07 Aug 2025 13:03",
    "meta": {}
}
{
    "level": "INFO",
    "message": "CACHING IS STARTED && WORKING FINE = TRUE",
    "timestamp": "07 Aug 2025 13:03",
    "meta": {
        "PORT": 2000
    }
}
{
    "level": "INFO",
    "message": "Hiii Working",
    "timestamp": "07 Aug 2025 13:05",
    "meta": {}
}
{
    "level": "INFO",
    "message": "CACHING IS STARTED && WORKING FINE = TRUE",
    "timestamp": "07 Aug 2025 13:05",
    "meta": {
        "PORT": 2000
    }
}
{
    "level": "INFO",
    "message": "Hiii Working",
    "timestamp": "07 Aug 2025 13:05",
    "meta": {}
}
{
    "level": "INFO",
    "message": "CACHING IS STARTED && WORKING FINE = TRUE",
    "timestamp": "07 Aug 2025 13:05",
    "meta": {
        "PORT": 2000
    }
}
{
    "level": "INFO",
    "message": "Hiii Working",
    "timestamp": "07 Aug 2025 13:11",
    "meta": {}
}
{
    "level": "INFO",
    "message": "CACHING IS STARTED && WORKING FINE = TRUE",
    "timestamp": "07 Aug 2025 13:11",
    "meta": {
        "PORT": 2000
    }
}
{
    "level": "INFO",
    "message": "Hiii Working",
    "timestamp": "07 Aug 2025 13:11",
    "meta": {}
}
{
    "level": "INFO",
    "message": "CACHING IS STARTED && WORKING FINE = TRUE",
    "timestamp": "07 Aug 2025 13:11",
    "meta": {
        "PORT": 2000
    }
}
{
    "level": "INFO",
    "message": "Hiii Working",
    "timestamp": "07 Aug 2025 13:11",
    "meta": {}
}
{
    "level": "INFO",
    "message": "CACHING IS STARTED && WORKING FINE = TRUE",
    "timestamp": "07 Aug 2025 13:11",
    "meta": {
        "PORT": 2000
    }
}
{
    "level": "INFO",
    "message": "Hiii Working",
    "timestamp": "07 Aug 2025 13:11",
    "meta": {}
}
{
    "level": "INFO",
    "message": "CACHING IS STARTED && WORKING FINE = TRUE",
    "timestamp": "07 Aug 2025 13:11",
    "meta": {
        "PORT": 2000
    }
}
{
    "level": "INFO",
    "message": "Hiii Working",
    "timestamp": "07 Aug 2025 13:12",
    "meta": {}
}
{
    "level": "INFO",
    "message": "CACHING IS STARTED && WORKING FINE = TRUE",
    "timestamp": "07 Aug 2025 13:12",
    "meta": {
        "PORT": 2000
    }
}
{
    "level": "INFO",
    "message": "Hiii Working",
    "timestamp": "07 Aug 2025 13:13",
    "meta": {}
}
{
    "level": "INFO",
    "message": "CACHING IS STARTED && WORKING FINE = TRUE",
    "timestamp": "07 Aug 2025 13:13",
    "meta": {
        "PORT": 2000
    }
}
{
    "level": "INFO",
    "message": "Hiii Working",
    "timestamp": "07 Aug 2025 13:14",
    "meta": {}
}
{
    "level": "INFO",
    "message": "CACHING IS STARTED && WORKING FINE = TRUE",
    "timestamp": "07 Aug 2025 13:14",
    "meta": {
        "PORT": 2000
    }
}
{
    "level": "INFO",
    "message": "Hiii Working",
    "timestamp": "07 Aug 2025 13:20",
    "meta": {}
}
{
    "level": "INFO",
    "message": "CACHING IS STARTED && WORKING FINE = TRUE",
    "timestamp": "07 Aug 2025 13:20",
    "meta": {
        "PORT": 2000
    }
}
{
    "level": "INFO",
    "message": "Hiii Working",
    "timestamp": "07 Aug 2025 13:20",
    "meta": {}
}
{
    "level": "INFO",
    "message": "CACHING IS STARTED && WORKING FINE = TRUE",
    "timestamp": "07 Aug 2025 13:20",
    "meta": {
        "PORT": 2000
    }
}
